<?xml version="1.0" encoding="UTF-8"?>
<!-- Generated by org.testng.reporters.JUnitReportReporter -->
<testsuite hostname="LAPTOP-00LJ2F6F" failures="0" tests="1" name="testcases.HomeTest" time="2.920" errors="0" timestamp="2022-03-12T00:10:48 IST" skipped="0">
  <testcase classname="testcases.HomeTest" name="test1" time="2.920"/>
  <system-out/>
</testsuite> <!-- testcases.HomeTest -->
