<?xml version="1.0" encoding="UTF-8"?>
<!-- Generated by org.testng.reporters.JUnitReportReporter -->
<testsuite hostname="LAPTOP-00LJ2F6F" failures="0" tests="4" name="testcases.LoginTest" time="34.203" errors="0" timestamp="2022-03-28T19:09:56 GMT-06:00" skipped="0">
  <testcase classname="testcases.LoginTest" name="ParameterizedTest" time="11.603"/>
  <system-out/>
  <testcase classname="testcases.LoginTest" name="ExternalDataTest" time="7.031"/>
  <system-out/>
  <testcase classname="testcases.LoginTest" name="LoginSuccessTest" time="6.374"/>
  <system-out/>
  <testcase classname="testcases.LoginTest" name="LoginFailiurTest" time="9.195"/>
  <system-out/>
</testsuite> <!-- testcases.LoginTest -->
