<?xml version="1.0" encoding="UTF-8"?>
<!-- Generated by org.testng.reporters.JUnitReportReporter -->
<testsuite hostname="LAPTOP-00LJ2F6F" failures="0" tests="2" name="testcases.DataProviderExample" time="0.018" errors="0" timestamp="2022-04-05T11:05:50 GMT-06:00" skipped="0">
  <testcase classname="testcases.DataProviderExample" name="PrintData" time="0.003"/>
  <system-out/>
  <testcase classname="testcases.DataProviderExample" name="PrintData" time="0.015"/>
  <system-out/>
</testsuite> <!-- testcases.DataProviderExample -->
